# JRE version: OpenJDK Runtime Environment Temurin-17.0.16+8 (17.0.16+8) (build 17.0.16+8)
# Java VM: OpenJDK 64-Bit Server VM Temurin-17.0.16+8 (17.0.16+8, mixed mode, sharing, tiered, compressed oops, compressed class ptrs, g1 gc, windows-amd64)
GC Precious Log:
 CPUs: 16 total, 16 available
 Memory: 24280M
 Large Page Support: Disabled
 NUMA Support: Disabled
 Compressed Oops: Enabled (32-bit)
 Heap Region Size: 1M
 Heap Min Capacity: 256M
 Heap Initial Capacity: 256M
 Heap Max Capacity: 512M
 Pre-touch: Disabled
 Parallel Workers: 13
 Concurrent Workers: 3
 Concurrent Refinement Workers: 13
 Periodic GC: Disabled
Heap:
 garbage-first heap   total 262144K, used 141950K [0x00000000e0000000, 0x0000000100000000)
  region size 1024K, 26 young (26624K), 1 survivors (1024K)
 Metaspace       used 103071K, committed 106048K, reserved 458752K
  class space    used 13671K, committed 14720K, reserved 327680K
GC Heap History (20 events):
Event: 4409.612 GC heap before
{Heap before GC invocations=34 (full 0):
 garbage-first heap   total 262144K, used 215689K [0x00000000e0000000, 0x0000000100000000)
  region size 1024K, 103 young (105472K), 8 survivors (8192K)
 Metaspace       used 100432K, committed 102144K, reserved 458752K
  class space    used 13567K, committed 14400K, reserved 327680K
}
Event: 4409.617 GC heap after
{Heap after GC invocations=35 (full 0):
 garbage-first heap   total 262144K, used 121649K [0x00000000e0000000, 0x0000000100000000)
  region size 1024K, 10 young (10240K), 10 survivors (10240K)
 Metaspace       used 100432K, committed 102144K, reserved 458752K
  class space    used 13567K, committed 14400K, reserved 327680K
}
Event: 4410.104 GC heap before
{Heap before GC invocations=35 (full 0):
 garbage-first heap   total 262144K, used 211761K [0x00000000e0000000, 0x0000000100000000)
  region size 1024K, 98 young (100352K), 10 survivors (10240K)
 Metaspace       used 101284K, committed 103040K, reserved 458752K
  class space    used 13675K, committed 14528K, reserved 327680K
}
Event: 4410.108 GC heap after
{Heap after GC invocations=36 (full 0):
 garbage-first heap   total 262144K, used 119390K [0x00000000e0000000, 0x0000000100000000)
  region size 1024K, 2 young (2048K), 2 survivors (2048K)
 Metaspace       used 101284K, committed 103040K, reserved 458752K
  class space    used 13675K, committed 14528K, reserved 327680K
}
Event: 6105.675 GC heap before
{Heap before GC invocations=36 (full 0):
 garbage-first heap   total 262144K, used 215646K [0x00000000e0000000, 0x0000000100000000)
  region size 1024K, 97 young (99328K), 2 survivors (2048K)
 Metaspace       used 101423K, committed 103168K, reserved 458752K
  class space    used 13676K, committed 14528K, reserved 327680K
}
Event: 6105.678 GC heap after
{Heap after GC invocations=37 (full 0):
 garbage-first heap   total 262144K, used 124509K [0x00000000e0000000, 0x0000000100000000)
  region size 1024K, 7 young (7168K), 7 survivors (7168K)
 Metaspace       used 101423K, committed 103168K, reserved 458752K
  class space    used 13676K, committed 14528K, reserved 327680K
}
Event: 6149.848 GC heap before
{Heap before GC invocations=37 (full 0):
 garbage-first heap   total 262144K, used 216669K [0x00000000e0000000, 0x0000000100000000)
  region size 1024K, 97 young (99328K), 7 survivors (7168K)
 Metaspace       used 101909K, committed 103680K, reserved 458752K
  class space    used 13708K, committed 14592K, reserved 327680K
}
Event: 6149.851 GC heap after
{Heap after GC invocations=38 (full 0):
 garbage-first heap   total 262144K, used 123203K [0x00000000e0000000, 0x0000000100000000)
  region size 1024K, 6 young (6144K), 6 survivors (6144K)
 Metaspace       used 101909K, committed 103680K, reserved 458752K
  class space    used 13708K, committed 14592K, reserved 327680K
}
Event: 6151.328 GC heap before
{Heap before GC invocations=38 (full 0):
 garbage-first heap   total 262144K, used 217411K [0x00000000e0000000, 0x0000000100000000)
  region size 1024K, 98 young (100352K), 6 survivors (6144K)
 Metaspace       used 104132K, committed 105920K, reserved 458752K
  class space    used 13905K, committed 14720K, reserved 327680K
}
Event: 6151.334 GC heap after
{Heap after GC invocations=39 (full 0):
 garbage-first heap   total 262144K, used 129393K [0x00000000e0000000, 0x0000000100000000)
  region size 1024K, 12 young (12288K), 12 survivors (12288K)
 Metaspace       used 104132K, committed 105920K, reserved 458752K
  class space    used 13905K, committed 14720K, reserved 327680K
}
Event: 6700.229 GC heap before
{Heap before GC invocations=39 (full 0):
 garbage-first heap   total 262144K, used 216433K [0x00000000e0000000, 0x0000000100000000)
  region size 1024K, 98 young (100352K), 12 survivors (12288K)
 Metaspace       used 104359K, committed 106112K, reserved 458752K
  class space    used 13912K, committed 14720K, reserved 327680K
}
Event: 6700.235 GC heap after
{Heap after GC invocations=40 (full 0):
 garbage-first heap   total 262144K, used 130793K [0x00000000e0000000, 0x0000000100000000)
  region size 1024K, 5 young (5120K), 5 survivors (5120K)
 Metaspace       used 104359K, committed 106112K, reserved 458752K
  class space    used 13912K, committed 14720K, reserved 327680K
}
Event: 6700.755 GC heap before
{Heap before GC invocations=40 (full 0):
 garbage-first heap   total 262144K, used 217833K [0x00000000e0000000, 0x0000000100000000)
  region size 1024K, 91 young (93184K), 5 survivors (5120K)
 Metaspace       used 104380K, committed 106112K, reserved 458752K
  class space    used 13913K, committed 14720K, reserved 327680K
}
Event: 6700.759 GC heap after
{Heap after GC invocations=41 (full 0):
 garbage-first heap   total 262144K, used 133823K [0x00000000e0000000, 0x0000000100000000)
  region size 1024K, 8 young (8192K), 8 survivors (8192K)
 Metaspace       used 104380K, committed 106112K, reserved 458752K
  class space    used 13913K, committed 14720K, reserved 327680K
}
Event: 6701.072 GC heap before
{Heap before GC invocations=42 (full 0):
 garbage-first heap   total 262144K, used 217791K [0x00000000e0000000, 0x0000000100000000)
  region size 1024K, 92 young (94208K), 8 survivors (8192K)
 Metaspace       used 103090K, committed 106048K, reserved 458752K
  class space    used 13676K, committed 14720K, reserved 327680K
}
Event: 6701.077 GC heap after
{Heap after GC invocations=43 (full 0):
 garbage-first heap   total 262144K, used 134371K [0x00000000e0000000, 0x0000000100000000)
  region size 1024K, 6 young (6144K), 6 survivors (6144K)
 Metaspace       used 103090K, committed 106048K, reserved 458752K
  class space    used 13676K, committed 14720K, reserved 327680K
}
Event: 6701.105 GC heap before
{Heap before GC invocations=43 (full 0):
 garbage-first heap   total 262144K, used 140515K [0x00000000e0000000, 0x0000000100000000)
  region size 1024K, 12 young (12288K), 6 survivors (6144K)
 Metaspace       used 103090K, committed 106048K, reserved 458752K
  class space    used 13676K, committed 14720K, reserved 327680K
}
Event: 6701.113 GC heap after
{Heap after GC invocations=44 (full 0):
 garbage-first heap   total 262144K, used 119238K [0x00000000e0000000, 0x0000000100000000)
  region size 1024K, 1 young (1024K), 1 survivors (1024K)
 Metaspace       used 103090K, committed 106048K, reserved 458752K
  class space    used 13676K, committed 14720K, reserved 327680K
}
Event: 6701.348 GC heap before
{Heap before GC invocations=44 (full 0):
 garbage-first heap   total 262144K, used 217542K [0x00000000e0000000, 0x0000000100000000)
  region size 1024K, 97 young (99328K), 1 survivors (1024K)
 Metaspace       used 103092K, committed 106048K, reserved 458752K
  class space    used 13676K, committed 14720K, reserved 327680K
}
Event: 6701.350 GC heap after
{Heap after GC invocations=45 (full 0):
 garbage-first heap   total 262144K, used 119422K [0x00000000e0000000, 0x0000000100000000)
  region size 1024K, 1 young (1024K), 1 survivors (1024K)
 Metaspace       used 103092K, committed 106048K, reserved 458752K
  class space    used 13676K, committed 14720K, reserved 327680K
}

